Feeding quantity 12 at Mon Apr 28 21:47:00 CEST 2014
Feeding quantity 1 at ma apr 28 21:51:11 CEST 2014
Feeding quantity 2 at Mon Apr 28 21:52:00 CEST 2014
Feeding quantity 12 at Mon Apr 28 22:00:00 CEST 2014
Feeding quantity 3 at ma apr 28 22:00:51 CEST 2014
Feeding quantity 12 at Mon Apr 28 22:02:00 CEST 2014
Feeding quantity 3 at ma apr 28 22:02:27 CEST 2014
Feeding quantity 2 at Mon Apr 28 22:05:00 CEST 2014
Feeding quantity 1 at ma apr 28 22:41:49 CEST 2014
Feeding quantity 1 at ma apr 28 22:41:52 CEST 2014
Feeding quantity 1 at ma apr 28 22:45:10 CEST 2014
Feeding quantity 1 at ma apr 28 22:47:17 CEST 2014
Feeding quantity 1 at ma apr 28 23:00:37 CEST 2014
Feeding quantity 1 at ma apr 28 23:00:41 CEST 2014
Feeding quantity 1 at ma apr 28 23:03:57 CEST 2014
Feeding quantity 1 at ma apr 28 23:06:32 CEST 2014
Feeding quantity 1 at ma apr 28 23:08:09 CEST 2014
Feeding quantity 1 at ma apr 28 23:08:12 CEST 2014
Feeding quantity 1 at ma apr 28 23:08:16 CEST 2014
Feeding quantity 1 at ma apr 28 23:13:22 CEST 2014
Feeding quantity 1 at ma apr 28 23:13:50 CEST 2014
Feeding quantity 3 at ma apr 28 23:15:48 CEST 2014
Feeding quantity 3 at ma apr 28 23:15:52 CEST 2014
Feeding quantity 3 at ma apr 28 23:16:01 CEST 2014
Feeding quantity 3 at ma apr 28 23:16:08 CEST 2014
Feeding test 2 with quantity 1212 at ma apr 28 23:19:00 CEST 2014
Feeding webtest 1 with quantity 3.3 at Mon Apr 28 23:22:00 CEST 2014, eventid=9
Feeding webtest 2 with quantity 32 at Mon Apr 28 23:27:00 CEST 2014, eventid=10
Feeding webtest 3 with quantity 12 at Mon Apr 28 23:45:00 CEST 2014, eventid=11
Feeding bladlkaf with quantity 32 at Mon Apr 28 23:55:00 CEST 2014, eventid=12
Feeding asfasfd with quantity 1231 at Mon Apr 28 23:56:00 CEST 2014, eventid=13
Feeding sadfaf with quantity 21 at Mon Apr 28 23:59:00 CEST 2014, eventid=14
Feeding adsasd with quantity 12 at Tue Apr 29 22:50:00 CEST 2014, eventid=15
Feeding 12313ad with quantity 222 at Tue Apr 29 22:51:00 CEST 2014, eventid=16
Feeding 33adsads with quantity 22 at Tue Apr 29 22:53:00 CEST 2014, eventid=17
Feeding 1212 with quantity 12 at Tue Apr 29 23:04:00 CEST 2014, eventid=19
Feeding asbv123 with quantity 12 at Tue Apr 29 23:05:00 CEST 2014, eventid=20
Feeding abcdss with quantity 32 at Tue Apr 29 23:06:00 CEST 2014, eventid=21
Feeding  with quantity 1 at di apr 29 23:54:30 CEST 2014, eventid=21
Feeding  with quantity 1 at di apr 29 23:56:02 CEST 2014, eventid=21
Feeding  with quantity 1 at di apr 29 23:57:23 CEST 2014, eventid=21
Feeding  with quantity 1 at di apr 29 23:57:44 CEST 2014, eventid=21
Feeding  with quantity 1 at wo apr 30 00:02:49 CEST 2014, eventid=21
Feeding  with quantity 1 at wo apr 30 00:04:24 CEST 2014, eventid=21
Running SQL: UPDATE `catfeeder`.`event` SET `event_status_id` = 4 WHERE `event`.`id`=21;
Feeding test_123 with quantity 321 at Wed Apr 30 00:07:00 CEST 2014, eventid=22
Running SQL: UPDATE `catfeeder`.`event` SET `event_status_id` = 4 WHERE `event`.`id`=22;
Feeding test 2 with quantity 123 at Wed Apr 30 09:22:00 CEST 2014, eventid=16
Running SQL: UPDATE `catfeeder`.`event` SET `event_status_id` = 4 WHERE `event`.`id`=16;
Feeding testteer with quantity 5 at Sat May  3 23:44:00 CEST 2014, eventid=24
Running SQL: UPDATE `catfeeder`.`event` SET `event_status_id` = 3 WHERE `event`.`id`=24;
Feeding testteer finished at Sat May  3 23:44:05 CEST 2014, eventid=24
Running SQL: UPDATE `catfeeder`.`event` SET `event_status_id` = 4 WHERE `event`.`id`=24;
Feeding bal bla bla with quantity 15 at Sat May  3 23:46:00 CEST 2014, eventid=25
Running SQL: UPDATE `catfeeder`.`event` SET `event_status_id` = 3 WHERE `event`.`id`=25;
Feeding bal bla bla finished at Sat May  3 23:46:15 CEST 2014, eventid=25
Running SQL: UPDATE `catfeeder`.`event` SET `event_status_id` = 4 WHERE `event`.`id`=25;
Feeding  with quantity 3 at ma mei  5 22:28:15 CEST 2014, eventid=0
Feeding  finished at ma mei  5 22:28:18 CEST 2014, eventid=0
Feeding testerdetest with quantity 1213 at Mon May  5 22:12:00 UTC 2014, eventid=30
Running SQL: UPDATE `catfeeder`.`event` SET `event_status_id` = 3 WHERE `event`.`id`=30;
Feeding  with quantity 4 at wo mei  7 21:35:31 UTC 2014, eventid=0
Feeding  with quantity 4 at wo mei  7 21:35:49 UTC 2014, eventid=0
Feeding  with quantity 4 at wo mei  7 21:38:04 UTC 2014, eventid=0
Feeding  with quantity 4 at wo mei  7 21:38:48 UTC 2014, eventid=0
Feeding  with quantity 4 at wo mei  7 21:40:16 UTC 2014, eventid=0
Feeding  with quantity 4 at wo mei  7 21:40:39 UTC 2014, eventid=0
Feeding  with quantity 4 at wo mei  7 21:41:05 UTC 2014, eventid=0
Feeding  with quantity 4 at wo mei  7 21:44:17 UTC 2014, eventid=0
Feeding  with quantity 4 at wo mei  7 21:45:07 UTC 2014, eventid=0
Feeding  with quantity 4 at wo mei  7 21:45:57 UTC 2014, eventid=0
Feeding  with quantity 4 at wo mei  7 21:51:33 UTC 2014, eventid=0
Feeding  with quantity 4 at wo mei  7 21:51:48 UTC 2014, eventid=0
Feeding  finished at wo mei  7 21:51:48 UTC 2014, eventid=0
Feeding  with quantity 4 at wo mei  7 21:52:27 UTC 2014, eventid=0
Feeding  finished at wo mei  7 21:52:27 UTC 2014, eventid=0
Feeding  with quantity 4 at wo mei  7 21:52:43 UTC 2014, eventid=0
Feeding  finished at wo mei  7 21:52:48 UTC 2014, eventid=0
Feeding  with quantity 4 at wo mei  7 21:53:48 UTC 2014, eventid=0
Feeding  finished at wo mei  7 21:53:53 UTC 2014, eventid=0
Feeding  with quantity 4.4 at wo mei  7 21:55:33 UTC 2014, eventid=0
Feeding  finished at wo mei  7 21:55:33 UTC 2014, eventid=0
Feeding  with quantity 4 at wo mei  7 21:55:42 UTC 2014, eventid=0
Feeding  finished at wo mei  7 21:55:46 UTC 2014, eventid=0
Feeding  with quantity 4.4 at wo mei  7 22:01:17 UTC 2014, eventid=0
Feeding  finished at wo mei  7 22:01:18 UTC 2014, eventid=0
Feeding  with quantity 4.4 at wo mei  7 22:04:08 UTC 2014, eventid=0
Feeding  finished at wo mei  7 22:04:14 UTC 2014, eventid=0
Feeding  with quantity 4.4 at wo mei  7 22:04:47 UTC 2014, eventid=0
Feeding  finished at wo mei  7 22:04:53 UTC 2014, eventid=0
Feeding  with quantity 4.4 at wo mei  7 22:05:03 UTC 2014, eventid=0
Feeding  finished at wo mei  7 22:05:09 UTC 2014, eventid=0
Feeding  with quantity 4 at wo mei  7 22:05:23 UTC 2014, eventid=0
Feeding  finished at wo mei  7 22:05:28 UTC 2014, eventid=0
Feeding  with quantity 4.4 at wo mei  7 22:06:04 UTC 2014, eventid=0
Feeding  finished at wo mei  7 22:06:11 UTC 2014, eventid=0
Feeding  with quantity 4.4 at wo mei  7 22:07:03 UTC 2014, eventid=0
Running from 4400 milliseconds from 1399500423799 to 1399500428199
Feeding  finished at wo mei  7 22:07:09 UTC 2014, eventid=0
